This file contains any messages produced by compilers while
running configure, to aid debugging if configure makes a mistake.

It was created by JSBuilder configure 1.04, which was
generated by GNU Autoconf 2.68.  Invocation command line was

  $ ./configure 

## --------- ##
## Platform. ##
## --------- ##

hostname = rvp-desktop
uname -m = x86_64
uname -r = 3.2.0-27-generic
uname -s = Linux
uname -v = #43-Ubuntu SMP Fri Jul 6 14:25:57 UTC 2012

/usr/bin/uname -p = unknown
/bin/uname -X     = unknown

/bin/arch              = unknown
/usr/bin/arch -k       = unknown
/usr/convex/getsysinfo = unknown
/usr/bin/hostinfo      = unknown
/bin/machine           = unknown
/usr/bin/oslevel       = unknown
/bin/universe          = unknown

PATH: /usr/lib/lightdm/lightdm
PATH: /usr/local/sbin
PATH: /usr/local/bin
PATH: /usr/sbin
PATH: /usr/bin
PATH: /sbin
PATH: /bin
PATH: /usr/games


## ----------- ##
## Core tests. ##
## ----------- ##

configure:1747: checking for a BSD-compatible install
configure:1815: result: /usr/bin/install -c
configure:1826: checking whether build environment is sane
configure:1876: result: yes
configure:2017: checking for a thread-safe mkdir -p
configure:2056: result: /bin/mkdir -p
configure:2069: checking for gawk
configure:2099: result: no
configure:2069: checking for mawk
configure:2085: found /usr/bin/mawk
configure:2096: result: mawk
configure:2107: checking whether make sets $(MAKE)
configure:2129: result: yes
configure:2210: checking whether to enable maintainer-specific portions of Makefiles
configure:2219: result: no
configure:2235: checking for pkg-config
configure:2253: found /usr/bin/pkg-config
configure:2266: result: /usr/bin/pkg-config
configure:2327: checking for gmcs
configure:2345: found /usr/bin/gmcs
configure:2358: result: /usr/bin/gmcs
configure:2615: creating ./config.status

## ---------------------- ##
## Running config.status. ##
## ---------------------- ##

This file was extended by JSBuilder config.status 1.04, which was
generated by GNU Autoconf 2.68.  Invocation command line was

  CONFIG_FILES    = 
  CONFIG_HEADERS  = 
  CONFIG_LINKS    = 
  CONFIG_COMMANDS = 
  $ ./config.status 

on rvp-desktop

config.status:766: creating JSBuilder/jsbuilder
config.status:766: creating JSBuilder/Makefile
config.status:766: creating Makefile

## ---------------- ##
## Cache variables. ##
## ---------------- ##

ac_cv_env_build_alias_set=
ac_cv_env_build_alias_value=
ac_cv_env_host_alias_set=
ac_cv_env_host_alias_value=
ac_cv_env_target_alias_set=
ac_cv_env_target_alias_value=
ac_cv_path_GMCS=/usr/bin/gmcs
ac_cv_path_PKG_CONFIG=/usr/bin/pkg-config
ac_cv_path_install='/usr/bin/install -c'
ac_cv_path_mkdir=/bin/mkdir
ac_cv_prog_AWK=mawk
ac_cv_prog_make_make_set=yes

## ----------------- ##
## Output variables. ##
## ----------------- ##

ACLOCAL='${SHELL} /home/rvp/Projekter/mono/JSBuilder/Packages/jsbuilder-1.04/missing --run aclocal-1.11'
AMTAR='$${TAR-tar}'
AUTOCONF='${SHELL} /home/rvp/Projekter/mono/JSBuilder/Packages/jsbuilder-1.04/missing --run autoconf'
AUTOHEADER='${SHELL} /home/rvp/Projekter/mono/JSBuilder/Packages/jsbuilder-1.04/missing --run autoheader'
AUTOMAKE='${SHELL} /home/rvp/Projekter/mono/JSBuilder/Packages/jsbuilder-1.04/missing --run automake-1.11'
AWK='mawk'
CYGPATH_W='echo'
DEFS='-DPACKAGE_NAME=\"JSBuilder\" -DPACKAGE_TARNAME=\"jsbuilder\" -DPACKAGE_VERSION=\"1.04\" -DPACKAGE_STRING=\"JSBuilder\ 1.04\" -DPACKAGE_BUGREPORT=\"\" -DPACKAGE_URL=\"\" -DPACKAGE=\"jsbuilder\" -DVERSION=\"1.04\"'
ECHO_C=''
ECHO_N='-n'
ECHO_T=''
ENABLE_DEBUG_FALSE=''
ENABLE_DEBUG_TRUE='#'
ENABLE_RELEASE_FALSE='#'
ENABLE_RELEASE_TRUE=''
ENABLE_TEST_FALSE=''
ENABLE_TEST_TRUE='#'
GMCS='/usr/bin/gmcs'
INSTALL_DATA='${INSTALL} -m 644'
INSTALL_PROGRAM='${INSTALL}'
INSTALL_SCRIPT='${INSTALL}'
INSTALL_STRIP_PROGRAM='$(install_sh) -c -s'
LIBOBJS=''
LIBS=''
LTLIBOBJS=''
MAINT='#'
MAINTAINER_MODE_FALSE=''
MAINTAINER_MODE_TRUE='#'
MAKEINFO='${SHELL} /home/rvp/Projekter/mono/JSBuilder/Packages/jsbuilder-1.04/missing --run makeinfo'
MKDIR_P='/bin/mkdir -p'
PACKAGE='jsbuilder'
PACKAGE_BUGREPORT=''
PACKAGE_NAME='JSBuilder'
PACKAGE_STRING='JSBuilder 1.04'
PACKAGE_TARNAME='jsbuilder'
PACKAGE_URL=''
PACKAGE_VERSION='1.04'
PATH_SEPARATOR=':'
PKG_CONFIG='/usr/bin/pkg-config'
SET_MAKE=''
SHELL='/bin/bash'
STRIP=''
VERSION='1.04'
am__isrc=''
am__leading_dot='.'
am__tar='$${TAR-tar} chof - "$$tardir"'
am__untar='$${TAR-tar} xf -'
bindir='${exec_prefix}/bin'
build_alias=''
datadir='${datarootdir}'
datarootdir='${prefix}/share'
docdir='${datarootdir}/doc/${PACKAGE_TARNAME}'
dvidir='${docdir}'
exec_prefix='/usr/local'
expanded_bindir='/usr/local/bin'
expanded_datadir='/usr/local/share'
expanded_libdir='/usr/local/lib'
host_alias=''
htmldir='${docdir}'
includedir='${prefix}/include'
infodir='${datarootdir}/info'
install_sh='${SHELL} /home/rvp/Projekter/mono/JSBuilder/Packages/jsbuilder-1.04/install-sh'
libdir='${exec_prefix}/lib'
libexecdir='${exec_prefix}/libexec'
localedir='${datarootdir}/locale'
localstatedir='${prefix}/var'
mandir='${datarootdir}/man'
mkdir_p='/bin/mkdir -p'
oldincludedir='/usr/include'
pdfdir='${docdir}'
prefix='/usr/local'
program_transform_name='s,x,x,'
psdir='${docdir}'
sbindir='${exec_prefix}/sbin'
sharedstatedir='${prefix}/com'
sysconfdir='${prefix}/etc'
target_alias=''

## ----------- ##
## confdefs.h. ##
## ----------- ##

/* confdefs.h */
#define PACKAGE_NAME "JSBuilder"
#define PACKAGE_TARNAME "jsbuilder"
#define PACKAGE_VERSION "1.04"
#define PACKAGE_STRING "JSBuilder 1.04"
#define PACKAGE_BUGREPORT ""
#define PACKAGE_URL ""
#define PACKAGE "jsbuilder"
#define VERSION "1.04"

configure: exit 0
